# JRE version: OpenJDK Runtime Environment GraalVM CE 22.3.0 (17.0.5+8) (build 17.0.5+8-jvmci-22.3-b08)
# Java VM: OpenJDK 64-Bit Server VM GraalVM CE 22.3.0 (17.0.5+8-jvmci-22.3-b08, mixed mode, sharing, tiered, jvmci, jvmci compiler, compressed oops, compressed class ptrs, parallel gc, linux-amd64)
GC Precious Log:
 CPUs: 8 total, 1 available
 Memory: 1024M
 Large Page Support: Disabled
 NUMA Support: Disabled
 Compressed Oops: Enabled (32-bit)
 Alignments: Space 512K, Generation 512K, Heap 2M
 Heap Min Capacity: 100M
 Heap Initial Capacity: 100M
 Heap Max Capacity: 512M
 Pre-touch: Disabled
 Parallel Workers: 1
Heap:
 PSYoungGen      total 55808K, used 39935K [0x00000000f5580000, 0x00000000f9d00000, 0x0000000100000000)
  eden space 39936K, 99% used [0x00000000f5580000,0x00000000f7c7fff0,0x00000000f7c80000)
  from space 15872K, 0% used [0x00000000f7c80000,0x00000000f7c80000,0x00000000f8c00000)
  to   space 12800K, 0% used [0x00000000f8c00000,0x00000000f8c00000,0x00000000f9880000)
 ParOldGen       total 349696K, used 349695K [0x00000000e0000000, 0x00000000f5580000, 0x00000000f5580000)
  object space 349696K, 99% used [0x00000000e0000000,0x00000000f557fff0,0x00000000f5580000)
 Metaspace       used 58932K, committed 60032K, reserved 1105920K
  class space    used 5846K, committed 6272K, reserved 1048576K
GC Heap History (20 events):
Event: 975.858 GC heap before
{Heap before GC invocations=796 (full 708):
 PSYoungGen      total 55808K, used 39936K [0x00000000f5580000, 0x00000000f9d00000, 0x0000000100000000)
  eden space 39936K, 100% used [0x00000000f5580000,0x00000000f7c80000,0x00000000f7c80000)
  from space 15872K, 0% used [0x00000000f7c80000,0x00000000f7c80000,0x00000000f8c00000)
  to   space 12800K, 0% used [0x00000000f8c00000,0x00000000f8c00000,0x00000000f9880000)
 ParOldGen       total 349696K, used 349696K [0x00000000e0000000, 0x00000000f5580000, 0x00000000f5580000)
  object space 349696K, 100% used [0x00000000e0000000,0x00000000f5580000,0x00000000f5580000)
 Metaspace       used 58932K, committed 60032K, reserved 1105920K
  class space    used 5846K, committed 6272K, reserved 1048576K
}
Event: 977.107 GC heap after
{Heap after GC invocations=796 (full 708):
 PSYoungGen      total 52736K, used 39936K [0x00000000f5580000, 0x00000000f9d00000, 0x0000000100000000)
  eden space 39936K, 100% used [0x00000000f5580000,0x00000000f7c80000,0x00000000f7c80000)
  from space 12800K, 0% used [0x00000000f8c00000,0x00000000f8c00000,0x00000000f9880000)
  to   space 15872K, 0% used [0x00000000f7c80000,0x00000000f7c80000,0x00000000f8c00000)
 ParOldGen       total 349696K, used 349695K [0x00000000e0000000, 0x00000000f5580000, 0x00000000f5580000)
  object space 349696K, 99% used [0x00000000e0000000,0x00000000f557fff0,0x00000000f5580000)
 Metaspace       used 58932K, committed 60032K, reserved 1105920K
  class space    used 5846K, committed 6272K, reserved 1048576K
}
Event: 977.107 GC heap before
{Heap before GC invocations=797 (full 709):
 PSYoungGen      total 52736K, used 39936K [0x00000000f5580000, 0x00000000f9d00000, 0x0000000100000000)
  eden space 39936K, 100% used [0x00000000f5580000,0x00000000f7c80000,0x00000000f7c80000)
  from space 12800K, 0% used [0x00000000f8c00000,0x00000000f8c00000,0x00000000f9880000)
  to   space 15872K, 0% used [0x00000000f7c80000,0x00000000f7c80000,0x00000000f8c00000)
 ParOldGen       total 349696K, used 349695K [0x00000000e0000000, 0x00000000f5580000, 0x00000000f5580000)
  object space 349696K, 99% used [0x00000000e0000000,0x00000000f557fff0,0x00000000f5580000)
 Metaspace       used 58932K, committed 60032K, reserved 1105920K
  class space    used 5846K, committed 6272K, reserved 1048576K
}
Event: 978.569 GC heap after
{Heap after GC invocations=797 (full 709):
 PSYoungGen      total 55808K, used 39936K [0x00000000f5580000, 0x00000000f9d00000, 0x0000000100000000)
  eden space 39936K, 100% used [0x00000000f5580000,0x00000000f7c80000,0x00000000f7c80000)
  from space 15872K, 0% used [0x00000000f7c80000,0x00000000f7c80000,0x00000000f8c00000)
  to   space 12800K, 0% used [0x00000000f8c00000,0x00000000f8c00000,0x00000000f9880000)
 ParOldGen       total 349696K, used 349695K [0x00000000e0000000, 0x00000000f5580000, 0x00000000f5580000)
  object space 349696K, 99% used [0x00000000e0000000,0x00000000f557fff0,0x00000000f5580000)
 Metaspace       used 58932K, committed 60032K, reserved 1105920K
  class space    used 5846K, committed 6272K, reserved 1048576K
}
Event: 978.571 GC heap before
{Heap before GC invocations=798 (full 710):
 PSYoungGen      total 55808K, used 39936K [0x00000000f5580000, 0x00000000f9d00000, 0x0000000100000000)
  eden space 39936K, 100% used [0x00000000f5580000,0x00000000f7c80000,0x00000000f7c80000)
  from space 15872K, 0% used [0x00000000f7c80000,0x00000000f7c80000,0x00000000f8c00000)
  to   space 12800K, 0% used [0x00000000f8c00000,0x00000000f8c00000,0x00000000f9880000)
 ParOldGen       total 349696K, used 349695K [0x00000000e0000000, 0x00000000f5580000, 0x00000000f5580000)
  object space 349696K, 99% used [0x00000000e0000000,0x00000000f557fff0,0x00000000f5580000)
 Metaspace       used 58932K, committed 60032K, reserved 1105920K
  class space    used 5846K, committed 6272K, reserved 1048576K
}
Event: 979.922 GC heap after
{Heap after GC invocations=798 (full 710):
 PSYoungGen      total 52736K, used 39936K [0x00000000f5580000, 0x00000000f9d00000, 0x0000000100000000)
  eden space 39936K, 100% used [0x00000000f5580000,0x00000000f7c80000,0x00000000f7c80000)
  from space 12800K, 0% used [0x00000000f8c00000,0x00000000f8c00000,0x00000000f9880000)
  to   space 15872K, 0% used [0x00000000f7c80000,0x00000000f7c80000,0x00000000f8c00000)
 ParOldGen       total 349696K, used 349695K [0x00000000e0000000, 0x00000000f5580000, 0x00000000f5580000)
  object space 349696K, 99% used [0x00000000e0000000,0x00000000f557fff0,0x00000000f5580000)
 Metaspace       used 58932K, committed 60032K, reserved 1105920K
  class space    used 5846K, committed 6272K, reserved 1048576K
}
Event: 979.922 GC heap before
{Heap before GC invocations=799 (full 711):
 PSYoungGen      total 52736K, used 39936K [0x00000000f5580000, 0x00000000f9d00000, 0x0000000100000000)
  eden space 39936K, 100% used [0x00000000f5580000,0x00000000f7c80000,0x00000000f7c80000)
  from space 12800K, 0% used [0x00000000f8c00000,0x00000000f8c00000,0x00000000f9880000)
  to   space 15872K, 0% used [0x00000000f7c80000,0x00000000f7c80000,0x00000000f8c00000)
 ParOldGen       total 349696K, used 349695K [0x00000000e0000000, 0x00000000f5580000, 0x00000000f5580000)
  object space 349696K, 99% used [0x00000000e0000000,0x00000000f557fff0,0x00000000f5580000)
 Metaspace       used 58932K, committed 60032K, reserved 1105920K
  class space    used 5846K, committed 6272K, reserved 1048576K
}
Event: 981.214 GC heap after
{Heap after GC invocations=799 (full 711):
 PSYoungGen      total 55808K, used 39936K [0x00000000f5580000, 0x00000000f9d00000, 0x0000000100000000)
  eden space 39936K, 100% used [0x00000000f5580000,0x00000000f7c80000,0x00000000f7c80000)
  from space 15872K, 0% used [0x00000000f7c80000,0x00000000f7c80000,0x00000000f8c00000)
  to   space 12800K, 0% used [0x00000000f8c00000,0x00000000f8c00000,0x00000000f9880000)
 ParOldGen       total 349696K, used 349695K [0x00000000e0000000, 0x00000000f5580000, 0x00000000f5580000)
  object space 349696K, 99% used [0x00000000e0000000,0x00000000f557fff0,0x00000000f5580000)
 Metaspace       used 58932K, committed 60032K, reserved 1105920K
  class space    used 5846K, committed 6272K, reserved 1048576K
}
Event: 981.214 GC heap before
{Heap before GC invocations=800 (full 712):
 PSYoungGen      total 55808K, used 39936K [0x00000000f5580000, 0x00000000f9d00000, 0x0000000100000000)
  eden space 39936K, 100% used [0x00000000f5580000,0x00000000f7c80000,0x00000000f7c80000)
  from space 15872K, 0% used [0x00000000f7c80000,0x00000000f7c80000,0x00000000f8c00000)
  to   space 12800K, 0% used [0x00000000f8c00000,0x00000000f8c00000,0x00000000f9880000)
 ParOldGen       total 349696K, used 349695K [0x00000000e0000000, 0x00000000f5580000, 0x00000000f5580000)
  object space 349696K, 99% used [0x00000000e0000000,0x00000000f557fff0,0x00000000f5580000)
 Metaspace       used 58932K, committed 60032K, reserved 1105920K
  class space    used 5846K, committed 6272K, reserved 1048576K
}
Event: 982.683 GC heap after
{Heap after GC invocations=800 (full 712):
 PSYoungGen      total 52736K, used 39935K [0x00000000f5580000, 0x00000000f9d00000, 0x0000000100000000)
  eden space 39936K, 99% used [0x00000000f5580000,0x00000000f7c7ffd0,0x00000000f7c80000)
  from space 12800K, 0% used [0x00000000f8c00000,0x00000000f8c00000,0x00000000f9880000)
  to   space 15872K, 0% used [0x00000000f7c80000,0x00000000f7c80000,0x00000000f8c00000)
 ParOldGen       total 349696K, used 349695K [0x00000000e0000000, 0x00000000f5580000, 0x00000000f5580000)
  object space 349696K, 99% used [0x00000000e0000000,0x00000000f557fff0,0x00000000f5580000)
 Metaspace       used 58932K, committed 60032K, reserved 1105920K
  class space    used 5846K, committed 6272K, reserved 1048576K
}
Event: 982.688 GC heap before
{Heap before GC invocations=801 (full 713):
 PSYoungGen      total 52736K, used 39935K [0x00000000f5580000, 0x00000000f9d00000, 0x0000000100000000)
  eden space 39936K, 99% used [0x00000000f5580000,0x00000000f7c7fff0,0x00000000f7c80000)
  from space 12800K, 0% used [0x00000000f8c00000,0x00000000f8c00000,0x00000000f9880000)
  to   space 15872K, 0% used [0x00000000f7c80000,0x00000000f7c80000,0x00000000f8c00000)
 ParOldGen       total 349696K, used 349695K [0x00000000e0000000, 0x00000000f5580000, 0x00000000f5580000)
  object space 349696K, 99% used [0x00000000e0000000,0x00000000f557fff0,0x00000000f5580000)
 Metaspace       used 58932K, committed 60032K, reserved 1105920K
  class space    used 5846K, committed 6272K, reserved 1048576K
}
Event: 984.271 GC heap after
{Heap after GC invocations=801 (full 713):
 PSYoungGen      total 55808K, used 39935K [0x00000000f5580000, 0x00000000f9d00000, 0x0000000100000000)
  eden space 39936K, 99% used [0x00000000f5580000,0x00000000f7c7fff0,0x00000000f7c80000)
  from space 15872K, 0% used [0x00000000f7c80000,0x00000000f7c80000,0x00000000f8c00000)
  to   space 12800K, 0% used [0x00000000f8c00000,0x00000000f8c00000,0x00000000f9880000)
 ParOldGen       total 349696K, used 349695K [0x00000000e0000000, 0x00000000f5580000, 0x00000000f5580000)
  object space 349696K, 99% used [0x00000000e0000000,0x00000000f557fff0,0x00000000f5580000)
 Metaspace       used 58932K, committed 60032K, reserved 1105920K
  class space    used 5846K, committed 6272K, reserved 1048576K
}
Event: 984.271 GC heap before
{Heap before GC invocations=802 (full 714):
 PSYoungGen      total 55808K, used 39935K [0x00000000f5580000, 0x00000000f9d00000, 0x0000000100000000)
  eden space 39936K, 99% used [0x00000000f5580000,0x00000000f7c7fff0,0x00000000f7c80000)
  from space 15872K, 0% used [0x00000000f7c80000,0x00000000f7c80000,0x00000000f8c00000)
  to   space 12800K, 0% used [0x00000000f8c00000,0x00000000f8c00000,0x00000000f9880000)
 ParOldGen       total 349696K, used 349695K [0x00000000e0000000, 0x00000000f5580000, 0x00000000f5580000)
  object space 349696K, 99% used [0x00000000e0000000,0x00000000f557fff0,0x00000000f5580000)
 Metaspace       used 58932K, committed 60032K, reserved 1105920K
  class space    used 5846K, committed 6272K, reserved 1048576K
}
Event: 985.654 GC heap after
{Heap after GC invocations=802 (full 714):
 PSYoungGen      total 52736K, used 39935K [0x00000000f5580000, 0x00000000f9d00000, 0x0000000100000000)
  eden space 39936K, 99% used [0x00000000f5580000,0x00000000f7c7fff0,0x00000000f7c80000)
  from space 12800K, 0% used [0x00000000f8c00000,0x00000000f8c00000,0x00000000f9880000)
  to   space 15872K, 0% used [0x00000000f7c80000,0x00000000f7c80000,0x00000000f8c00000)
 ParOldGen       total 349696K, used 349695K [0x00000000e0000000, 0x00000000f5580000, 0x00000000f5580000)
  object space 349696K, 99% used [0x00000000e0000000,0x00000000f557fff0,0x00000000f5580000)
 Metaspace       used 58932K, committed 60032K, reserved 1105920K
  class space    used 5846K, committed 6272K, reserved 1048576K
}
Event: 985.658 GC heap before
{Heap before GC invocations=803 (full 715):
 PSYoungGen      total 52736K, used 39936K [0x00000000f5580000, 0x00000000f9d00000, 0x0000000100000000)
  eden space 39936K, 100% used [0x00000000f5580000,0x00000000f7c80000,0x00000000f7c80000)
  from space 12800K, 0% used [0x00000000f8c00000,0x00000000f8c00000,0x00000000f9880000)
  to   space 15872K, 0% used [0x00000000f7c80000,0x00000000f7c80000,0x00000000f8c00000)
 ParOldGen       total 349696K, used 349696K [0x00000000e0000000, 0x00000000f5580000, 0x00000000f5580000)
  object space 349696K, 100% used [0x00000000e0000000,0x00000000f5580000,0x00000000f5580000)
 Metaspace       used 58932K, committed 60032K, reserved 1105920K
  class space    used 5846K, committed 6272K, reserved 1048576K
}
Event: 987.093 GC heap after
{Heap after GC invocations=803 (full 715):
 PSYoungGen      total 55808K, used 39935K [0x00000000f5580000, 0x00000000f9d00000, 0x0000000100000000)
  eden space 39936K, 99% used [0x00000000f5580000,0x00000000f7c7fff0,0x00000000f7c80000)
  from space 15872K, 0% used [0x00000000f7c80000,0x00000000f7c80000,0x00000000f8c00000)
  to   space 12800K, 0% used [0x00000000f8c00000,0x00000000f8c00000,0x00000000f9880000)
 ParOldGen       total 349696K, used 349695K [0x00000000e0000000, 0x00000000f5580000, 0x00000000f5580000)
  object space 349696K, 99% used [0x00000000e0000000,0x00000000f557fff0,0x00000000f5580000)
 Metaspace       used 58932K, committed 60032K, reserved 1105920K
  class space    used 5846K, committed 6272K, reserved 1048576K
}
Event: 987.098 GC heap before
{Heap before GC invocations=804 (full 716):
 PSYoungGen      total 55808K, used 39936K [0x00000000f5580000, 0x00000000f9d00000, 0x0000000100000000)
  eden space 39936K, 100% used [0x00000000f5580000,0x00000000f7c80000,0x00000000f7c80000)
  from space 15872K, 0% used [0x00000000f7c80000,0x00000000f7c80000,0x00000000f8c00000)
  to   space 12800K, 0% used [0x00000000f8c00000,0x00000000f8c00000,0x00000000f9880000)
 ParOldGen       total 349696K, used 349695K [0x00000000e0000000, 0x00000000f5580000, 0x00000000f5580000)
  object space 349696K, 99% used [0x00000000e0000000,0x00000000f557fff0,0x00000000f5580000)
 Metaspace       used 58932K, committed 60032K, reserved 1105920K
  class space    used 5846K, committed 6272K, reserved 1048576K
}
Event: 988.406 GC heap after
{Heap after GC invocations=804 (full 716):
 PSYoungGen      total 52736K, used 39935K [0x00000000f5580000, 0x00000000f9d00000, 0x0000000100000000)
  eden space 39936K, 99% used [0x00000000f5580000,0x00000000f7c7fff0,0x00000000f7c80000)
  from space 12800K, 0% used [0x00000000f8c00000,0x00000000f8c00000,0x00000000f9880000)
  to   space 15872K, 0% used [0x00000000f7c80000,0x00000000f7c80000,0x00000000f8c00000)
 ParOldGen       total 349696K, used 349695K [0x00000000e0000000, 0x00000000f5580000, 0x00000000f5580000)
  object space 349696K, 99% used [0x00000000e0000000,0x00000000f557fff0,0x00000000f5580000)
 Metaspace       used 58932K, committed 60032K, reserved 1105920K
  class space    used 5846K, committed 6272K, reserved 1048576K
}
Event: 988.406 GC heap before
{Heap before GC invocations=805 (full 717):
 PSYoungGen      total 52736K, used 39935K [0x00000000f5580000, 0x00000000f9d00000, 0x0000000100000000)
  eden space 39936K, 99% used [0x00000000f5580000,0x00000000f7c7fff0,0x00000000f7c80000)
  from space 12800K, 0% used [0x00000000f8c00000,0x00000000f8c00000,0x00000000f9880000)
  to   space 15872K, 0% used [0x00000000f7c80000,0x00000000f7c80000,0x00000000f8c00000)
 ParOldGen       total 349696K, used 349695K [0x00000000e0000000, 0x00000000f5580000, 0x00000000f5580000)
  object space 349696K, 99% used [0x00000000e0000000,0x00000000f557fff0,0x00000000f5580000)
 Metaspace       used 58932K, committed 60032K, reserved 1105920K
  class space    used 5846K, committed 6272K, reserved 1048576K
}
Event: 989.908 GC heap after
{Heap after GC invocations=805 (full 717):
 PSYoungGen      total 55808K, used 39935K [0x00000000f5580000, 0x00000000f9d00000, 0x0000000100000000)
  eden space 39936K, 99% used [0x00000000f5580000,0x00000000f7c7fff0,0x00000000f7c80000)
  from space 15872K, 0% used [0x00000000f7c80000,0x00000000f7c80000,0x00000000f8c00000)
  to   space 12800K, 0% used [0x00000000f8c00000,0x00000000f8c00000,0x00000000f9880000)
 ParOldGen       total 349696K, used 349695K [0x00000000e0000000, 0x00000000f5580000, 0x00000000f5580000)
  object space 349696K, 99% used [0x00000000e0000000,0x00000000f557fff0,0x00000000f5580000)
 Metaspace       used 58932K, committed 60032K, reserved 1105920K
  class space    used 5846K, committed 6272K, reserved 1048576K
}

